# JRE version: OpenJDK Runtime Environment (17.0.7) (build 17.0.7+0-b2043.56-10550314)
# Java VM: OpenJDK 64-Bit Server VM (17.0.7+0-b2043.56-10550314, mixed mode, tiered, compressed oops, compressed class ptrs, g1 gc, windows-amd64)
GC Precious Log:
 CPUs: 4 total, 4 available
 Memory: 16314M
 Large Page Support: Disabled
 NUMA Support: Disabled
 Compressed Oops: Enabled (32-bit)
 Heap Region Size: 1M
 Heap Min Capacity: 8M
 Heap Initial Capacity: 256M
 Heap Max Capacity: 2G
 Pre-touch: Disabled
 Parallel Workers: 4
 Concurrent Workers: 1
 Concurrent Refinement Workers: 4
 Periodic GC: Disabled
Heap:
 garbage-first heap   total 322560K, used 181742K [0x0000000080000000, 0x0000000100000000)
  region size 1024K, 10 young (10240K), 10 survivors (10240K)
 Metaspace       used 126366K, committed 127232K, reserved 1179648K
  class space    used 16878K, committed 17280K, reserved 1048576K
GC Heap History (20 events):
Event: 19.527 GC heap after
{Heap after GC invocations=45 (full 0):
 garbage-first heap   total 317440K, used 105063K [0x0000000080000000, 0x0000000100000000)
  region size 1024K, 2 young (2048K), 2 survivors (2048K)
 Metaspace       used 99028K, committed 99712K, reserved 1179648K
  class space    used 13676K, committed 14016K, reserved 1048576K
}
Event: 20.965 GC heap before
{Heap before GC invocations=45 (full 0):
 garbage-first heap   total 317440K, used 258663K [0x0000000080000000, 0x0000000100000000)
  region size 1024K, 139 young (142336K), 2 survivors (2048K)
 Metaspace       used 105119K, committed 105920K, reserved 1179648K
  class space    used 14347K, committed 14784K, reserved 1048576K
}
Event: 20.983 GC heap after
{Heap after GC invocations=46 (full 0):
 garbage-first heap   total 317440K, used 132078K [0x0000000080000000, 0x0000000100000000)
  region size 1024K, 18 young (18432K), 18 survivors (18432K)
 Metaspace       used 105119K, committed 105920K, reserved 1179648K
  class space    used 14347K, committed 14784K, reserved 1048576K
}
Event: 22.118 GC heap before
{Heap before GC invocations=46 (full 0):
 garbage-first heap   total 317440K, used 267246K [0x0000000080000000, 0x0000000100000000)
  region size 1024K, 125 young (128000K), 18 survivors (18432K)
 Metaspace       used 108499K, committed 109248K, reserved 1179648K
  class space    used 14756K, committed 15104K, reserved 1048576K
}
Event: 22.138 GC heap after
{Heap after GC invocations=47 (full 0):
 garbage-first heap   total 317440K, used 148816K [0x0000000080000000, 0x0000000100000000)
  region size 1024K, 16 young (16384K), 16 survivors (16384K)
 Metaspace       used 108499K, committed 109248K, reserved 1179648K
  class space    used 14756K, committed 15104K, reserved 1048576K
}
Event: 22.745 GC heap before
{Heap before GC invocations=47 (full 0):
 garbage-first heap   total 317440K, used 246096K [0x0000000080000000, 0x0000000100000000)
  region size 1024K, 112 young (114688K), 16 survivors (16384K)
 Metaspace       used 112352K, committed 113216K, reserved 1179648K
  class space    used 15069K, committed 15488K, reserved 1048576K
}
Event: 22.757 GC heap after
{Heap after GC invocations=48 (full 0):
 garbage-first heap   total 317440K, used 151022K [0x0000000080000000, 0x0000000100000000)
  region size 1024K, 3 young (3072K), 3 survivors (3072K)
 Metaspace       used 112352K, committed 113216K, reserved 1179648K
  class space    used 15069K, committed 15488K, reserved 1048576K
}
Event: 23.573 GC heap before
{Heap before GC invocations=48 (full 0):
 garbage-first heap   total 317440K, used 251374K [0x0000000080000000, 0x0000000100000000)
  region size 1024K, 102 young (104448K), 3 survivors (3072K)
 Metaspace       used 114507K, committed 115392K, reserved 1179648K
  class space    used 15280K, committed 15744K, reserved 1048576K
}
Event: 23.578 GC heap after
{Heap after GC invocations=49 (full 0):
 garbage-first heap   total 317440K, used 152295K [0x0000000080000000, 0x0000000100000000)
  region size 1024K, 5 young (5120K), 5 survivors (5120K)
 Metaspace       used 114507K, committed 115392K, reserved 1179648K
  class space    used 15280K, committed 15744K, reserved 1048576K
}
Event: 24.533 GC heap before
{Heap before GC invocations=49 (full 0):
 garbage-first heap   total 317440K, used 255719K [0x0000000080000000, 0x0000000100000000)
  region size 1024K, 107 young (109568K), 5 survivors (5120K)
 Metaspace       used 117282K, committed 118144K, reserved 1179648K
  class space    used 15618K, committed 16064K, reserved 1048576K
}
Event: 24.542 GC heap after
{Heap after GC invocations=50 (full 0):
 garbage-first heap   total 317440K, used 159808K [0x0000000080000000, 0x0000000100000000)
  region size 1024K, 12 young (12288K), 12 survivors (12288K)
 Metaspace       used 117282K, committed 118144K, reserved 1179648K
  class space    used 15618K, committed 16064K, reserved 1048576K
}
Event: 24.987 GC heap before
{Heap before GC invocations=50 (full 0):
 garbage-first heap   total 317440K, used 260160K [0x0000000080000000, 0x0000000100000000)
  region size 1024K, 109 young (111616K), 12 survivors (12288K)
 Metaspace       used 121723K, committed 122496K, reserved 1179648K
  class space    used 16246K, committed 16640K, reserved 1048576K
}
Event: 25.000 GC heap after
{Heap after GC invocations=51 (full 0):
 garbage-first heap   total 317440K, used 179773K [0x0000000080000000, 0x0000000100000000)
  region size 1024K, 14 young (14336K), 14 survivors (14336K)
 Metaspace       used 121723K, committed 122496K, reserved 1179648K
  class space    used 16246K, committed 16640K, reserved 1048576K
}
Event: 25.162 GC heap before
{Heap before GC invocations=51 (full 0):
 garbage-first heap   total 317440K, used 254525K [0x0000000080000000, 0x0000000100000000)
  region size 1024K, 88 young (90112K), 14 survivors (14336K)
 Metaspace       used 122635K, committed 123520K, reserved 1179648K
  class space    used 16362K, committed 16768K, reserved 1048576K
}
Event: 25.177 GC heap after
{Heap after GC invocations=52 (full 0):
 garbage-first heap   total 317440K, used 187374K [0x0000000080000000, 0x0000000100000000)
  region size 1024K, 11 young (11264K), 11 survivors (11264K)
 Metaspace       used 122635K, committed 123520K, reserved 1179648K
  class space    used 16362K, committed 16768K, reserved 1048576K
}
Event: 25.612 GC heap before
{Heap before GC invocations=53 (full 0):
 garbage-first heap   total 317440K, used 237550K [0x0000000080000000, 0x0000000100000000)
  region size 1024K, 79 young (80896K), 11 survivors (11264K)
 Metaspace       used 124390K, committed 125248K, reserved 1179648K
  class space    used 16648K, committed 17088K, reserved 1048576K
}
Event: 25.629 GC heap after
{Heap after GC invocations=54 (full 0):
 garbage-first heap   total 317440K, used 180718K [0x0000000080000000, 0x0000000100000000)
  region size 1024K, 10 young (10240K), 10 survivors (10240K)
 Metaspace       used 124390K, committed 125248K, reserved 1179648K
  class space    used 16648K, committed 17088K, reserved 1048576K
}
Event: 25.662 GC heap before
{Heap before GC invocations=54 (full 0):
 garbage-first heap   total 317440K, used 185838K [0x0000000080000000, 0x0000000100000000)
  region size 1024K, 15 young (15360K), 10 survivors (10240K)
 Metaspace       used 125010K, committed 125888K, reserved 1179648K
  class space    used 16713K, committed 17152K, reserved 1048576K
}
Event: 25.677 GC heap after
{Heap after GC invocations=55 (full 0):
 garbage-first heap   total 317440K, used 170990K [0x0000000080000000, 0x0000000100000000)
  region size 1024K, 2 young (2048K), 2 survivors (2048K)
 Metaspace       used 125010K, committed 125888K, reserved 1179648K
  class space    used 16713K, committed 17152K, reserved 1048576K
}
Event: 25.937 GC heap before
{Heap before GC invocations=55 (full 0):
 garbage-first heap   total 317440K, used 249838K [0x0000000080000000, 0x0000000100000000)
  region size 1024K, 80 young (81920K), 2 survivors (2048K)
 Metaspace       used 126366K, committed 127232K, reserved 1179648K
  class space    used 16878K, committed 17280K, reserved 1048576K
}

