# JRE version: OpenJDK Runtime Environment (17.0.7) (build 17.0.7+0-b2043.56-10550314)
# Java VM: OpenJDK 64-Bit Server VM (17.0.7+0-b2043.56-10550314, mixed mode, tiered, compressed oops, compressed class ptrs, g1 gc, windows-amd64)
GC Precious Log:
 CPUs: 4 total, 4 available
 Memory: 16314M
 Large Page Support: Disabled
 NUMA Support: Disabled
 Compressed Oops: Enabled (32-bit)
 Heap Region Size: 1M
 Heap Min Capacity: 8M
 Heap Initial Capacity: 256M
 Heap Max Capacity: 2G
 Pre-touch: Disabled
 Parallel Workers: 4
 Concurrent Workers: 1
 Concurrent Refinement Workers: 4
 Periodic GC: Disabled
Heap:
 garbage-first heap   total 435200K, used 355840K [0x0000000080000000, 0x0000000100000000)
  region size 1024K, 24 young (24576K), 6 survivors (6144K)
 Metaspace       used 189157K, committed 190464K, reserved 1245184K
  class space    used 24625K, committed 25280K, reserved 1048576K
GC Heap History (20 events):
Event: 17.317 GC heap before
{Heap before GC invocations=44 (full 0):
 garbage-first heap   total 435200K, used 347267K [0x0000000080000000, 0x0000000100000000)
  region size 1024K, 136 young (139264K), 20 survivors (20480K)
 Metaspace       used 151746K, committed 152640K, reserved 1245184K
  class space    used 20064K, committed 20544K, reserved 1048576K
}
Event: 17.328 GC heap after
{Heap after GC invocations=45 (full 0):
 garbage-first heap   total 435200K, used 235400K [0x0000000080000000, 0x0000000100000000)
  region size 1024K, 7 young (7168K), 7 survivors (7168K)
 Metaspace       used 151746K, committed 152640K, reserved 1245184K
  class space    used 20064K, committed 20544K, reserved 1048576K
}
Event: 17.876 GC heap before
{Heap before GC invocations=45 (full 0):
 garbage-first heap   total 435200K, used 372616K [0x0000000080000000, 0x0000000100000000)
  region size 1024K, 123 young (125952K), 7 survivors (7168K)
 Metaspace       used 151788K, committed 152704K, reserved 1245184K
  class space    used 20075K, committed 20544K, reserved 1048576K
}
Event: 17.886 GC heap after
{Heap after GC invocations=46 (full 0):
 garbage-first heap   total 435200K, used 254165K [0x0000000080000000, 0x0000000100000000)
  region size 1024K, 15 young (15360K), 15 survivors (15360K)
 Metaspace       used 151788K, committed 152704K, reserved 1245184K
  class space    used 20075K, committed 20544K, reserved 1048576K
}
Event: 18.902 GC heap before
{Heap before GC invocations=46 (full 0):
 garbage-first heap   total 435200K, used 358613K [0x0000000080000000, 0x0000000100000000)
  region size 1024K, 116 young (118784K), 15 survivors (15360K)
 Metaspace       used 161267K, committed 162176K, reserved 1245184K
  class space    used 21325K, committed 21760K, reserved 1048576K
}
Event: 18.914 GC heap after
{Heap after GC invocations=47 (full 0):
 garbage-first heap   total 435200K, used 251527K [0x0000000080000000, 0x0000000100000000)
  region size 1024K, 8 young (8192K), 8 survivors (8192K)
 Metaspace       used 161267K, committed 162176K, reserved 1245184K
  class space    used 21325K, committed 21760K, reserved 1048576K
}
Event: 20.874 GC heap before
{Heap before GC invocations=47 (full 0):
 garbage-first heap   total 435200K, used 362119K [0x0000000080000000, 0x0000000100000000)
  region size 1024K, 112 young (114688K), 8 survivors (8192K)
 Metaspace       used 171624K, committed 172544K, reserved 1245184K
  class space    used 22469K, committed 22912K, reserved 1048576K
}
Event: 20.888 GC heap after
{Heap after GC invocations=48 (full 0):
 garbage-first heap   total 435200K, used 260528K [0x0000000080000000, 0x0000000100000000)
  region size 1024K, 9 young (9216K), 9 survivors (9216K)
 Metaspace       used 171624K, committed 172544K, reserved 1245184K
  class space    used 22469K, committed 22912K, reserved 1048576K
}
Event: 22.721 GC heap before
{Heap before GC invocations=48 (full 0):
 garbage-first heap   total 435200K, used 361904K [0x0000000080000000, 0x0000000100000000)
  region size 1024K, 108 young (110592K), 9 survivors (9216K)
 Metaspace       used 177342K, committed 178496K, reserved 1245184K
  class space    used 23178K, committed 23744K, reserved 1048576K
}
Event: 22.735 GC heap after
{Heap after GC invocations=49 (full 0):
 garbage-first heap   total 435200K, used 269505K [0x0000000080000000, 0x0000000100000000)
  region size 1024K, 9 young (9216K), 9 survivors (9216K)
 Metaspace       used 177342K, committed 178496K, reserved 1245184K
  class space    used 23178K, committed 23744K, reserved 1048576K
}
Event: 35.321 GC heap before
{Heap before GC invocations=49 (full 0):
 garbage-first heap   total 435200K, used 363713K [0x0000000080000000, 0x0000000100000000)
  region size 1024K, 102 young (104448K), 9 survivors (9216K)
 Metaspace       used 180524K, committed 181632K, reserved 1245184K
  class space    used 23585K, committed 24128K, reserved 1048576K
}
Event: 35.335 GC heap after
{Heap after GC invocations=50 (full 0):
 garbage-first heap   total 435200K, used 278740K [0x0000000080000000, 0x0000000100000000)
  region size 1024K, 9 young (9216K), 9 survivors (9216K)
 Metaspace       used 180524K, committed 181632K, reserved 1245184K
  class space    used 23585K, committed 24128K, reserved 1048576K
}
Event: 35.951 GC heap before
{Heap before GC invocations=50 (full 0):
 garbage-first heap   total 435200K, used 365780K [0x0000000080000000, 0x0000000100000000)
  region size 1024K, 94 young (96256K), 9 survivors (9216K)
 Metaspace       used 184228K, committed 185472K, reserved 1245184K
  class space    used 24044K, committed 24640K, reserved 1048576K
}
Event: 35.964 GC heap after
{Heap after GC invocations=51 (full 0):
 garbage-first heap   total 435200K, used 287556K [0x0000000080000000, 0x0000000100000000)
  region size 1024K, 9 young (9216K), 9 survivors (9216K)
 Metaspace       used 184228K, committed 185472K, reserved 1245184K
  class space    used 24044K, committed 24640K, reserved 1048576K
}
Event: 36.631 GC heap before
{Heap before GC invocations=51 (full 0):
 garbage-first heap   total 435200K, used 369476K [0x0000000080000000, 0x0000000100000000)
  region size 1024K, 88 young (90112K), 9 survivors (9216K)
 Metaspace       used 186881K, committed 188160K, reserved 1245184K
  class space    used 24412K, committed 25024K, reserved 1048576K
}
Event: 36.644 GC heap after
{Heap after GC invocations=52 (full 0):
 garbage-first heap   total 435200K, used 299206K [0x0000000080000000, 0x0000000100000000)
  region size 1024K, 10 young (10240K), 10 survivors (10240K)
 Metaspace       used 186881K, committed 188160K, reserved 1245184K
  class space    used 24412K, committed 25024K, reserved 1048576K
}
Event: 37.390 GC heap before
{Heap before GC invocations=52 (full 0):
 garbage-first heap   total 435200K, used 378054K [0x0000000080000000, 0x0000000100000000)
  region size 1024K, 79 young (80896K), 10 survivors (10240K)
 Metaspace       used 188560K, committed 189824K, reserved 1245184K
  class space    used 24581K, committed 25216K, reserved 1048576K
}
Event: 37.411 GC heap after
{Heap after GC invocations=53 (full 0):
 garbage-first heap   total 435200K, used 329728K [0x0000000080000000, 0x0000000100000000)
  region size 1024K, 10 young (10240K), 10 survivors (10240K)
 Metaspace       used 188560K, committed 189824K, reserved 1245184K
  class space    used 24581K, committed 25216K, reserved 1048576K
}
Event: 37.881 GC heap before
{Heap before GC invocations=53 (full 0):
 garbage-first heap   total 435200K, used 374784K [0x0000000080000000, 0x0000000100000000)
  region size 1024K, 47 young (48128K), 10 survivors (10240K)
 Metaspace       used 189063K, committed 190336K, reserved 1245184K
  class space    used 24624K, committed 25280K, reserved 1048576K
}
Event: 37.895 GC heap after
{Heap after GC invocations=54 (full 0):
 garbage-first heap   total 435200K, used 340480K [0x0000000080000000, 0x0000000100000000)
  region size 1024K, 6 young (6144K), 6 survivors (6144K)
 Metaspace       used 189063K, committed 190336K, reserved 1245184K
  class space    used 24624K, committed 25280K, reserved 1048576K
}

