# JRE version: OpenJDK Runtime Environment (17.0.7) (build 17.0.7+0-b2043.56-10550314)
# Java VM: OpenJDK 64-Bit Server VM (17.0.7+0-b2043.56-10550314, mixed mode, tiered, compressed oops, compressed class ptrs, g1 gc, windows-amd64)
GC Precious Log:
 CPUs: 4 total, 4 available
 Memory: 16314M
 Large Page Support: Disabled
 NUMA Support: Disabled
 Compressed Oops: Enabled (32-bit)
 Heap Region Size: 1M
 Heap Min Capacity: 8M
 Heap Initial Capacity: 256M
 Heap Max Capacity: 2G
 Pre-touch: Disabled
 Parallel Workers: 4
 Concurrent Workers: 1
 Concurrent Refinement Workers: 4
 Periodic GC: Disabled
Heap:
 garbage-first heap   total 371712K, used 190976K [0x0000000080000000, 0x0000000100000000)
  region size 1024K, 1 young (1024K), 1 survivors (1024K)
 Metaspace       used 130322K, committed 131136K, reserved 1179648K
  class space    used 17524K, committed 17920K, reserved 1048576K
GC Heap History (20 events):
Event: 12.234 GC heap after
{Heap after GC invocations=38 (full 0):
 garbage-first heap   total 371712K, used 112535K [0x0000000080000000, 0x0000000100000000)
  region size 1024K, 8 young (8192K), 8 survivors (8192K)
 Metaspace       used 103787K, committed 104576K, reserved 1179648K
  class space    used 14226K, committed 14592K, reserved 1048576K
}
Event: 14.243 GC heap before
{Heap before GC invocations=38 (full 0):
 garbage-first heap   total 371712K, used 335767K [0x0000000080000000, 0x0000000100000000)
  region size 1024K, 193 young (197632K), 8 survivors (8192K)
 Metaspace       used 110748K, committed 111552K, reserved 1179648K
  class space    used 14914K, committed 15296K, reserved 1048576K
}
Event: 14.262 GC heap after
{Heap after GC invocations=39 (full 0):
 garbage-first heap   total 371712K, used 140288K [0x0000000080000000, 0x0000000100000000)
  region size 1024K, 25 young (25600K), 25 survivors (25600K)
 Metaspace       used 110748K, committed 111552K, reserved 1179648K
  class space    used 14914K, committed 15296K, reserved 1048576K
}
Event: 15.219 GC heap before
{Heap before GC invocations=39 (full 0):
 garbage-first heap   total 371712K, used 286720K [0x0000000080000000, 0x0000000100000000)
  region size 1024K, 169 young (173056K), 25 survivors (25600K)
 Metaspace       used 113177K, committed 113920K, reserved 1179648K
  class space    used 15131K, committed 15488K, reserved 1048576K
}
Event: 15.233 GC heap after
{Heap after GC invocations=40 (full 0):
 garbage-first heap   total 371712K, used 140518K [0x0000000080000000, 0x0000000100000000)
  region size 1024K, 6 young (6144K), 6 survivors (6144K)
 Metaspace       used 113177K, committed 113920K, reserved 1179648K
  class space    used 15131K, committed 15488K, reserved 1048576K
}
Event: 16.284 GC heap before
{Heap before GC invocations=40 (full 0):
 garbage-first heap   total 371712K, used 297190K [0x0000000080000000, 0x0000000100000000)
  region size 1024K, 158 young (161792K), 6 survivors (6144K)
 Metaspace       used 117153K, committed 118016K, reserved 1179648K
  class space    used 15635K, committed 16064K, reserved 1048576K
}
Event: 16.296 GC heap after
{Heap after GC invocations=41 (full 0):
 garbage-first heap   total 371712K, used 160768K [0x0000000080000000, 0x0000000100000000)
  region size 1024K, 20 young (20480K), 20 survivors (20480K)
 Metaspace       used 117153K, committed 118016K, reserved 1179648K
  class space    used 15635K, committed 16064K, reserved 1048576K
}
Event: 16.415 GC heap before
{Heap before GC invocations=41 (full 0):
 garbage-first heap   total 371712K, used 177152K [0x0000000080000000, 0x0000000100000000)
  region size 1024K, 38 young (38912K), 20 survivors (20480K)
 Metaspace       used 118472K, committed 119296K, reserved 1179648K
  class space    used 15833K, committed 16256K, reserved 1048576K
}
Event: 16.423 GC heap after
{Heap after GC invocations=42 (full 0):
 garbage-first heap   total 371712K, used 159049K [0x0000000080000000, 0x0000000100000000)
  region size 1024K, 4 young (4096K), 4 survivors (4096K)
 Metaspace       used 118472K, committed 119296K, reserved 1179648K
  class space    used 15833K, committed 16256K, reserved 1048576K
}
Event: 17.041 GC heap before
{Heap before GC invocations=43 (full 0):
 garbage-first heap   total 371712K, used 281929K [0x0000000080000000, 0x0000000100000000)
  region size 1024K, 138 young (141312K), 4 survivors (4096K)
 Metaspace       used 122781K, committed 123648K, reserved 1179648K
  class space    used 16463K, committed 16896K, reserved 1048576K
}
Event: 17.063 GC heap after
{Heap after GC invocations=44 (full 0):
 garbage-first heap   total 371712K, used 166912K [0x0000000080000000, 0x0000000100000000)
  region size 1024K, 18 young (18432K), 18 survivors (18432K)
 Metaspace       used 122781K, committed 123648K, reserved 1179648K
  class space    used 16463K, committed 16896K, reserved 1048576K
}
Event: 17.069 GC heap before
{Heap before GC invocations=44 (full 0):
 garbage-first heap   total 371712K, used 167936K [0x0000000080000000, 0x0000000100000000)
  region size 1024K, 19 young (19456K), 18 survivors (18432K)
 Metaspace       used 122797K, committed 123648K, reserved 1179648K
  class space    used 16463K, committed 16896K, reserved 1048576K
}
Event: 17.084 GC heap after
{Heap after GC invocations=45 (full 0):
 garbage-first heap   total 371712K, used 166245K [0x0000000080000000, 0x0000000100000000)
  region size 1024K, 2 young (2048K), 2 survivors (2048K)
 Metaspace       used 122797K, committed 123648K, reserved 1179648K
  class space    used 16463K, committed 16896K, reserved 1048576K
}
Event: 17.368 GC heap before
{Heap before GC invocations=45 (full 0):
 garbage-first heap   total 371712K, used 289125K [0x0000000080000000, 0x0000000100000000)
  region size 1024K, 123 young (125952K), 2 survivors (2048K)
 Metaspace       used 124980K, committed 125760K, reserved 1179648K
  class space    used 16706K, committed 17088K, reserved 1048576K
}
Event: 17.393 GC heap after
{Heap after GC invocations=46 (full 0):
 garbage-first heap   total 371712K, used 182784K [0x0000000080000000, 0x0000000100000000)
  region size 1024K, 16 young (16384K), 16 survivors (16384K)
 Metaspace       used 124980K, committed 125760K, reserved 1179648K
  class space    used 16706K, committed 17088K, reserved 1048576K
}
Event: 17.936 GC heap before
{Heap before GC invocations=47 (full 0):
 garbage-first heap   total 371712K, used 288256K [0x0000000080000000, 0x0000000100000000)
  region size 1024K, 124 young (126976K), 16 survivors (16384K)
 Metaspace       used 129092K, committed 129984K, reserved 1179648K
  class space    used 17391K, committed 17792K, reserved 1048576K
}
Event: 17.957 GC heap after
{Heap after GC invocations=48 (full 0):
 garbage-first heap   total 371712K, used 193024K [0x0000000080000000, 0x0000000100000000)
  region size 1024K, 15 young (15360K), 15 survivors (15360K)
 Metaspace       used 129092K, committed 129984K, reserved 1179648K
  class space    used 17391K, committed 17792K, reserved 1048576K
}
Event: 17.973 GC heap before
{Heap before GC invocations=48 (full 0):
 garbage-first heap   total 371712K, used 196096K [0x0000000080000000, 0x0000000100000000)
  region size 1024K, 18 young (18432K), 15 survivors (15360K)
 Metaspace       used 129126K, committed 129984K, reserved 1179648K
  class space    used 17397K, committed 17792K, reserved 1048576K
}
Event: 17.983 GC heap after
{Heap after GC invocations=49 (full 0):
 garbage-first heap   total 371712K, used 192000K [0x0000000080000000, 0x0000000100000000)
  region size 1024K, 2 young (2048K), 2 survivors (2048K)
 Metaspace       used 129126K, committed 129984K, reserved 1179648K
  class space    used 17397K, committed 17792K, reserved 1048576K
}
Event: 18.652 GC heap before
{Heap before GC invocations=49 (full 0):
 garbage-first heap   total 371712K, used 295424K [0x0000000080000000, 0x0000000100000000)
  region size 1024K, 103 young (105472K), 2 survivors (2048K)
 Metaspace       used 130322K, committed 131136K, reserved 1179648K
  class space    used 17524K, committed 17920K, reserved 1048576K
}

