# JRE version: OpenJDK Runtime Environment (17.0.7) (build 17.0.7+0-b2043.56-10550314)
# Java VM: OpenJDK 64-Bit Server VM (17.0.7+0-b2043.56-10550314, mixed mode, tiered, compressed oops, compressed class ptrs, g1 gc, windows-amd64)
GC Precious Log:
 CPUs: 4 total, 4 available
 Memory: 16314M
 Large Page Support: Disabled
 NUMA Support: Disabled
 Compressed Oops: Enabled (32-bit)
 Heap Region Size: 1M
 Heap Min Capacity: 8M
 Heap Initial Capacity: 256M
 Heap Max Capacity: 2G
 Pre-touch: Disabled
 Parallel Workers: 4
 Concurrent Workers: 1
 Concurrent Refinement Workers: 4
 Periodic GC: Disabled
Heap:
 garbage-first heap   total 421888K, used 314368K [0x0000000080000000, 0x0000000100000000)
  region size 1024K, 6 young (6144K), 6 survivors (6144K)
 Metaspace       used 172808K, committed 174016K, reserved 1245184K
  class space    used 22634K, committed 23232K, reserved 1048576K
GC Heap History (20 events):
Event: 15.750 GC heap after
{Heap after GC invocations=53 (full 0):
 garbage-first heap   total 421888K, used 221104K [0x0000000080000000, 0x0000000100000000)
  region size 1024K, 10 young (10240K), 10 survivors (10240K)
 Metaspace       used 151193K, committed 152064K, reserved 1245184K
  class space    used 20026K, committed 20416K, reserved 1048576K
}
Event: 15.820 GC heap before
{Heap before GC invocations=53 (full 0):
 garbage-first heap   total 421888K, used 231344K [0x0000000080000000, 0x0000000100000000)
  region size 1024K, 20 young (20480K), 10 survivors (10240K)
 Metaspace       used 151193K, committed 152064K, reserved 1245184K
  class space    used 20026K, committed 20416K, reserved 1048576K
}
Event: 15.825 GC heap after
{Heap after GC invocations=54 (full 0):
 garbage-first heap   total 421888K, used 221082K [0x0000000080000000, 0x0000000100000000)
  region size 1024K, 2 young (2048K), 2 survivors (2048K)
 Metaspace       used 151193K, committed 152064K, reserved 1245184K
  class space    used 20026K, committed 20416K, reserved 1048576K
}
Event: 16.551 GC heap before
{Heap before GC invocations=54 (full 0):
 garbage-first heap   total 421888K, used 327578K [0x0000000080000000, 0x0000000100000000)
  region size 1024K, 106 young (108544K), 2 survivors (2048K)
 Metaspace       used 151197K, committed 152064K, reserved 1245184K
  class space    used 20026K, committed 20416K, reserved 1048576K
}
Event: 16.557 GC heap after
{Heap after GC invocations=55 (full 0):
 garbage-first heap   total 421888K, used 224659K [0x0000000080000000, 0x0000000100000000)
  region size 1024K, 6 young (6144K), 6 survivors (6144K)
 Metaspace       used 151197K, committed 152064K, reserved 1245184K
  class space    used 20026K, committed 20416K, reserved 1048576K
}
Event: 17.123 GC heap before
{Heap before GC invocations=55 (full 0):
 garbage-first heap   total 421888K, used 334227K [0x0000000080000000, 0x0000000100000000)
  region size 1024K, 113 young (115712K), 6 survivors (6144K)
 Metaspace       used 151200K, committed 152064K, reserved 1245184K
  class space    used 20026K, committed 20416K, reserved 1048576K
}
Event: 17.129 GC heap after
{Heap after GC invocations=56 (full 0):
 garbage-first heap   total 421888K, used 230293K [0x0000000080000000, 0x0000000100000000)
  region size 1024K, 11 young (11264K), 11 survivors (11264K)
 Metaspace       used 151200K, committed 152064K, reserved 1245184K
  class space    used 20026K, committed 20416K, reserved 1048576K
}
Event: 17.909 GC heap before
{Heap before GC invocations=56 (full 0):
 garbage-first heap   total 421888K, used 360341K [0x0000000080000000, 0x0000000100000000)
  region size 1024K, 119 young (121856K), 11 survivors (11264K)
 Metaspace       used 156896K, committed 157760K, reserved 1245184K
  class space    used 20772K, committed 21184K, reserved 1048576K
}
Event: 17.922 GC heap after
{Heap after GC invocations=57 (full 0):
 garbage-first heap   total 421888K, used 240299K [0x0000000080000000, 0x0000000100000000)
  region size 1024K, 15 young (15360K), 15 survivors (15360K)
 Metaspace       used 156896K, committed 157760K, reserved 1245184K
  class space    used 20772K, committed 21184K, reserved 1048576K
}
Event: 18.844 GC heap before
{Heap before GC invocations=57 (full 0):
 garbage-first heap   total 421888K, used 347819K [0x0000000080000000, 0x0000000100000000)
  region size 1024K, 116 young (118784K), 15 survivors (15360K)
 Metaspace       used 163944K, committed 164928K, reserved 1245184K
  class space    used 21562K, committed 22016K, reserved 1048576K
}
Event: 18.858 GC heap after
{Heap after GC invocations=58 (full 0):
 garbage-first heap   total 421888K, used 247981K [0x0000000080000000, 0x0000000100000000)
  region size 1024K, 8 young (8192K), 8 survivors (8192K)
 Metaspace       used 163944K, committed 164928K, reserved 1245184K
  class space    used 21562K, committed 22016K, reserved 1048576K
}
Event: 19.740 GC heap before
{Heap before GC invocations=58 (full 0):
 garbage-first heap   total 421888K, used 347309K [0x0000000080000000, 0x0000000100000000)
  region size 1024K, 105 young (107520K), 8 survivors (8192K)
 Metaspace       used 169721K, committed 170880K, reserved 1245184K
  class space    used 22284K, committed 22848K, reserved 1048576K
}
Event: 19.752 GC heap after
{Heap after GC invocations=59 (full 0):
 garbage-first heap   total 421888K, used 256000K [0x0000000080000000, 0x0000000100000000)
  region size 1024K, 14 young (14336K), 14 survivors (14336K)
 Metaspace       used 169721K, committed 170880K, reserved 1245184K
  class space    used 22284K, committed 22848K, reserved 1048576K
}
Event: 28.798 GC heap before
{Heap before GC invocations=59 (full 0):
 garbage-first heap   total 421888K, used 360448K [0x0000000080000000, 0x0000000100000000)
  region size 1024K, 106 young (108544K), 14 survivors (14336K)
 Metaspace       used 172481K, committed 173696K, reserved 1245184K
  class space    used 22624K, committed 23232K, reserved 1048576K
}
Event: 28.813 GC heap after
{Heap after GC invocations=60 (full 0):
 garbage-first heap   total 421888K, used 278703K [0x0000000080000000, 0x0000000100000000)
  region size 1024K, 11 young (11264K), 11 survivors (11264K)
 Metaspace       used 172481K, committed 173696K, reserved 1245184K
  class space    used 22624K, committed 23232K, reserved 1048576K
}
Event: 29.021 GC heap before
{Heap before GC invocations=60 (full 0):
 garbage-first heap   total 421888K, used 353455K [0x0000000080000000, 0x0000000100000000)
  region size 1024K, 84 young (86016K), 11 survivors (11264K)
 Metaspace       used 172580K, committed 173760K, reserved 1245184K
  class space    used 22633K, committed 23232K, reserved 1048576K
}
Event: 29.041 GC heap after
{Heap after GC invocations=61 (full 0):
 garbage-first heap   total 421888K, used 293376K [0x0000000080000000, 0x0000000100000000)
  region size 1024K, 11 young (11264K), 11 survivors (11264K)
 Metaspace       used 172580K, committed 173760K, reserved 1245184K
  class space    used 22633K, committed 23232K, reserved 1048576K
}
Event: 29.192 GC heap before
{Heap before GC invocations=61 (full 0):
 garbage-first heap   total 421888K, used 357888K [0x0000000080000000, 0x0000000100000000)
  region size 1024K, 66 young (67584K), 11 survivors (11264K)
 Metaspace       used 172705K, committed 173952K, reserved 1245184K
  class space    used 22634K, committed 23232K, reserved 1048576K
}
Event: 29.203 GC heap after
{Heap after GC invocations=62 (full 0):
 garbage-first heap   total 421888K, used 308224K [0x0000000080000000, 0x0000000100000000)
  region size 1024K, 7 young (7168K), 7 survivors (7168K)
 Metaspace       used 172705K, committed 173952K, reserved 1245184K
  class space    used 22634K, committed 23232K, reserved 1048576K
}
Event: 29.345 GC heap before
{Heap before GC invocations=62 (full 0):
 garbage-first heap   total 421888K, used 356352K [0x0000000080000000, 0x0000000100000000)
  region size 1024K, 54 young (55296K), 7 survivors (7168K)
 Metaspace       used 172808K, committed 174016K, reserved 1245184K
  class space    used 22634K, committed 23232K, reserved 1048576K
}

